  Player.cpp
  Source.cpp
C:\Users\Danial\OneDrive\Windows Desktop\Sonic_Game\Sonic_Game\Player.h(37,21): warning C4244: '=': conversion from 'int' to 'float', possible loss of data
  (compiling source file 'Player.cpp')
  
C:\Users\Danial\OneDrive\Windows Desktop\Sonic_Game\Sonic_Game\Player.h(57,28): warning C4244: '=': conversion from 'float' to 'int', possible loss of data
  (compiling source file 'Player.cpp')
  
C:\Users\Danial\OneDrive\Windows Desktop\Sonic_Game\Sonic_Game\Player.h(58,29): warning C4244: '=': conversion from 'float' to 'int', possible loss of data
  (compiling source file 'Player.cpp')
  
C:\Users\Danial\OneDrive\Windows Desktop\Sonic_Game\Sonic_Game\Player.h(59,30): warning C4244: '=': conversion from 'float' to 'int', possible loss of data
  (compiling source file 'Player.cpp')
  
C:\Users\Danial\OneDrive\Windows Desktop\Sonic_Game\Sonic_Game\Player.h(60,30): warning C4244: '=': conversion from 'float' to 'int', possible loss of data
  (compiling source file 'Player.cpp')
  
C:\Users\Danial\OneDrive\Windows Desktop\Sonic_Game\Sonic_Game\Player.h(110,54): warning C4244: '=': conversion from 'double' to 'float', possible loss of data
  (compiling source file 'Player.cpp')
  
C:\Users\Danial\OneDrive\Windows Desktop\Sonic_Game\Sonic_Game\Level.h(53,34): warning C4244: 'initializing': conversion from 'int' to 'float', possible loss of data
  (compiling source file 'Player.cpp')
  
C:\Users\Danial\OneDrive\Windows Desktop\Sonic_Game\Sonic_Game\Level.h(54,34): warning C4244: 'initializing': conversion from 'int' to 'float', possible loss of data
  (compiling source file 'Player.cpp')
  
C:\Users\Danial\OneDrive\Windows Desktop\Sonic_Game\Sonic_Game\Player.h(37,21): warning C4244: '=': conversion from 'int' to 'float', possible loss of data
  (compiling source file 'Source.cpp')
  
C:\Users\Danial\OneDrive\Windows Desktop\Sonic_Game\Sonic_Game\Player.h(57,28): warning C4244: '=': conversion from 'float' to 'int', possible loss of data
  (compiling source file 'Source.cpp')
  
C:\Users\Danial\OneDrive\Windows Desktop\Sonic_Game\Sonic_Game\Player.h(58,29): warning C4244: '=': conversion from 'float' to 'int', possible loss of data
  (compiling source file 'Source.cpp')
  
C:\Users\Danial\OneDrive\Windows Desktop\Sonic_Game\Sonic_Game\Player.h(59,30): warning C4244: '=': conversion from 'float' to 'int', possible loss of data
  (compiling source file 'Source.cpp')
  
C:\Users\Danial\OneDrive\Windows Desktop\Sonic_Game\Sonic_Game\Player.h(60,30): warning C4244: '=': conversion from 'float' to 'int', possible loss of data
  (compiling source file 'Source.cpp')
  
C:\Users\Danial\OneDrive\Windows Desktop\Sonic_Game\Sonic_Game\Player.h(110,54): warning C4244: '=': conversion from 'double' to 'float', possible loss of data
  (compiling source file 'Source.cpp')
  
C:\Users\Danial\OneDrive\Windows Desktop\Sonic_Game\Sonic_Game\Level.h(53,34): warning C4244: 'initializing': conversion from 'int' to 'float', possible loss of data
  (compiling source file 'Source.cpp')
  
C:\Users\Danial\OneDrive\Windows Desktop\Sonic_Game\Sonic_Game\Level.h(54,34): warning C4244: 'initializing': conversion from 'int' to 'float', possible loss of data
  (compiling source file 'Source.cpp')
  
  Generating Code...
  Sonic_Game.vcxproj -> C:\Users\Danial\OneDrive\Windows Desktop\Sonic_Game\Sonic_Game\x64\Debug\Sonic_Game.exe
